[2026-06-17 21:00:01] ==================================================
[2026-06-17 21:00:01] STERLIN AI — AUTO RETRAIN
[2026-06-17 21:00:01] ==================================================
[2026-06-17 21:00:01] --- STOCKS RETRAIN ---
[2026-06-17 21:00:01] Stocks model age: 1.0 day(s)
[2026-06-17 21:00:01] Stocks model is fresh. Skipping.
[2026-06-17 21:00:01] ==================================================
[2026-06-17 21:00:01] Crypto: Gradient Boosting — 68.08% acc, +18.15% edge
[2026-06-17 21:00:01] Stocks: Gradient Boosting — 60.76% acc, +12.97% edge
[2026-06-17 21:00:01] ==================================================
[2026-06-19 21:00:02] ==================================================
[2026-06-19 21:00:02] STERLIN AI — AUTO RETRAIN
[2026-06-19 21:00:02] ==================================================
[2026-06-19 21:00:02] --- STOCKS RETRAIN ---
[2026-06-19 21:00:02] Stocks model age: 1.0 day(s)
[2026-06-19 21:00:02] Stocks model is fresh. Skipping.
[2026-06-19 21:00:02] ==================================================
[2026-06-19 21:00:02] Crypto: Gradient Boosting — 67.92% acc, +17.95% edge
[2026-06-19 21:00:02] Stocks: Gradient Boosting — 61.51% acc, +13.72% edge
[2026-06-19 21:00:02] ==================================================
