[2026-06-16 21:00:02] ==================================================
[2026-06-16 21:00:02] STERLIN AI — AUTO RETRAIN
[2026-06-16 21:00:02] ==================================================
[2026-06-16 21:00:02] --- CRYPTO RETRAIN ---
[2026-06-16 21:00:02] Crypto model age: 0.0 day(s)
[2026-06-16 21:00:02] Crypto model is fresh. Skipping.
[2026-06-16 21:00:02] ==================================================
[2026-06-16 21:00:02] Crypto: Gradient Boosting — 68.08% acc, +18.15% edge
[2026-06-16 21:00:02] Stocks: Gradient Boosting — 60.76% acc, +12.97% edge
[2026-06-16 21:00:02] ==================================================
[2026-06-17 21:00:01] ==================================================
[2026-06-17 21:00:01] STERLIN AI — AUTO RETRAIN
[2026-06-17 21:00:01] ==================================================
[2026-06-17 21:00:01] --- CRYPTO RETRAIN ---
[2026-06-17 21:00:01] Crypto model age: 1.0 day(s)
[2026-06-17 21:00:01] Starting: Fetch latest OHLCV data
[2026-06-17 21:00:15] Done: Fetch latest OHLCV data
[2026-06-17 21:00:15]     Total daily rows:     133,295
[2026-06-17 21:00:15]     Total hourly rows:    174,631
[2026-06-17 21:00:15]     Saved to ohlcv/ folder
[2026-06-17 21:00:15]     Next: run label_data_v3.py
[2026-06-17 21:00:15] Starting: Generate labeled data
[2026-06-17 21:36:30] Done: Generate labeled data
[2026-06-17 21:36:30]     Stock samples:       22,439
[2026-06-17 21:36:30]     Total:               62,680
[2026-06-17 21:36:30]     Saved to training/ folder
[2026-06-17 21:36:30]     Next: run scripts/train_model_v3.py
[2026-06-17 21:36:30] Starting: Train crypto model
[2026-06-17 21:57:15] Done: Train crypto model
[2026-06-17 21:57:15]     Crypto: Gradient Boosting      68.2% acc  +18.2% edge
[2026-06-17 21:57:15]     Stocks: Gradient Boosting      62.7% acc  +14.9% edge
[2026-06-17 21:57:15]     Models saved to models/
[2026-06-17 21:57:15]     Next: run ai_brain_v2.py to see updated signals
[2026-06-17 21:57:15] Crypto retrain complete.
[2026-06-17 21:57:15] ==================================================
[2026-06-17 21:57:15] Crypto: Gradient Boosting — 68.18% acc, +18.21% edge
[2026-06-17 21:57:15] Stocks: Gradient Boosting — 62.7% acc, +14.91% edge
[2026-06-17 21:57:15] ==================================================
