
╔══════════════════════════════════════════════════════╗
║  ALPHAI TRADER — Jun 17 2026  09:45 AM             ║
║  Project age: 15 days  (live since Jun 02, 2026)       ║
╚══════════════════════════════════════════════════════╝

  📊 Regime: BULL  |  BUY blocked: False
  📅 Day 15 of operation  |  Market: EXTREME FEAR (22/100)
  💵 Cash: $9,500.00  |  Positions: 1/5

  1 actionable signals above 58% confidence


  Executed 0 trades


============================================================
  AUTONOMOUS TRADER — PERFORMANCE REPORT
============================================================
  Starting cash:    $ 10,000.00
  Current cash:     $  9,500.00
  Open positions:   $    500.00
  Total value:      $ 10,000.00
  Total return:          -0.00%

  Open positions (1):
    PFE    cost=$500.00  value=$500.00  unrealized=-0.00  short-term (0d)
============================================================


╔══════════════════════════════════════════════════════╗
║  ALPHAI TRADER — Jun 18 2026  09:45 AM             ║
║  Project age: 16 days  (live since Jun 02, 2026)       ║
╚══════════════════════════════════════════════════════╝

  📊 Regime: BULL  |  BUY blocked: False
  📅 Day 16 of operation  |  Market: EXTREME FEAR (15/100)
  💵 Cash: $9,500.00  |  Positions: 1/5

  2 actionable signals above 58% confidence


  Executed 0 trades


============================================================
  AUTONOMOUS TRADER — PERFORMANCE REPORT
============================================================
  Starting cash:    $ 10,000.00
  Current cash:     $  9,500.00
  Open positions:   $    497.70
  Total value:      $  9,997.70
  Total return:          -0.02%

  Open positions (1):
    PFE    cost=$500.00  value=$497.70  unrealized=-2.30  short-term (1d)
============================================================


╔══════════════════════════════════════════════════════╗
║  ALPHAI TRADER — Jun 19 2026  09:45 AM             ║
║  Project age: 17 days  (live since Jun 02, 2026)       ║
╚══════════════════════════════════════════════════════╝

  📊 Regime: BULL  |  BUY blocked: False
  📅 Day 17 of operation  |  Market: EXTREME FEAR (14/100)
  💵 Cash: $9,500.00  |  Positions: 1/5

  📡 Screener: 21 stocks, 20 crypto loaded
  0 actionable signals above 58% confidence

  No trades executed — no signals above confidence threshold


============================================================
  AUTONOMOUS TRADER — PERFORMANCE REPORT
============================================================
  Starting cash:    $ 10,000.00
  Current cash:     $  9,500.00
  Open positions:   $    484.06
  Total value:      $  9,984.06
  Total return:          -0.16%

  Open positions (1):
    PFE    cost=$500.00  value=$484.06  unrealized=-15.94  short-term (2d)
============================================================

